#
# A fatal error has been detected by the Java Runtime Environment:
#
#  EXCEPTION_ACCESS_VIOLATION (0xc0000005) at pc=0x583d6877, pid=2168, tid=4632
#
# JRE version: 7.0_11-b21
# Java VM: Java HotSpot(TM) Client VM (23.6-b04 mixed mode windows-x86 )
# Problematic frame:
# C  0x583d6877  NS_InvokeByIndex_P+0x36351
#
# Failed to write core dump. Minidumps are not enabled by default on client versions of Windows
#
# If you would like to submit a bug report, please visit:
#   http://bugreport.sun.com/bugreport/crash.jsp
# The crash happened outside the Java Virtual Machine in native code.
# See problematic frame for where to report the bug.
#

---------------  T H R E A D  ---------------

Current thread (0x42bdb800):  JavaThread "XPCOM" daemon [_thread_in_native, id=4632, stack(0x306f0000,0x30770000)]

siginfo: ExceptionCode=0xc0000005, reading address 0x00000000

Registers:
EAX=0x00000000, EBX=0x00000000, ECX=0x54ab06f4, EDX=0x00000008
ESP=0x3076d120, EBP=0x3076d168, ESI=0x54ab06b0, EDI=0x73131006
EIP=0x583d6877, EFLAGS=0x00010246

Top of Stack: (sp=0x3076d120)
0x3076d120:   73131006 54ab06b0 00000000 586be41c
0x3076d130:   3076d12d 5879d15c 506913e0 00000000
0x3076d140:   80070008 00000100 00000094 00000006
0x3076d150:   00000001 00001db1 00000002 76726553
0x3076d160:   20656369 6b636150 00003120 5869574c
0x3076d170:   00000026 00000001 30c3a0ac 00000000
0x3076d180:   30c017bc 00000008 30770040 73131006
0x3076d190:   59baebb0 00000000 00000000 00000000 

Instructions: (pc=0x583d6877)
0x583d6857:   c3 74 5c 8d 4d d4 51 68 48 64 44 58 53 ff d0 ff
0x583d6867:   75 d4 8d 4e 44 89 45 d8 e8 9a 40 c9 ff 8b 45 d4
0x583d6877:   8b 08 50 ff 51 08 39 5d d8 7c 24 8b 46 44 8d 7e
0x583d6887:   48 8b 0f 89 45 d8 89 1f 3b cb 74 09 8b 01 51 ff 


Register to memory mapping:

EAX=0x00000000 is an unknown value
EBX=0x00000000 is an unknown value
ECX=0x54ab06f4 is an unknown value
EDX=0x00000008 is an unknown value
ESP=0x3076d120 is pointing into the stack for thread: 0x42bdb800
EBP=0x3076d168 is pointing into the stack for thread: 0x42bdb800
ESI=0x54ab06b0 is an unknown value
EDI=0x73131006 is an unknown value


Stack: [0x306f0000,0x30770000],  sp=0x3076d120,  free space=500k
Native frames: (J=compiled Java code, j=interpreted, Vv=VM code, C=native code)
C  0x583d6877  NS_InvokeByIndex_P+0x36351

Java frames: (J=compiled Java code, j=interpreted, Vv=VM code)
j  com.teamdev.jxbrowser.gecko15.xpcom.XPCOMJavaProxy.CallXPCOMMethod(Ljava/lang/Object;Ljava/lang/String;Ljava/lang/String;[Ljava/lang/Object;)Ljava/lang/Object;+0
j  com.teamdev.jxbrowser.gecko15.xpcom.XPCOMJavaProxy.invoke(Ljava/lang/Object;Ljava/lang/reflect/Method;[Ljava/lang/Object;)Ljava/lang/Object;+97
j  $Proxy23.run()V+9
j  com.teamdev.jxbrowser.gecko15.xpcom.AppShellMozillaThread.a()V+20
j  com.teamdev.jxbrowser.gecko15.xpcom.AppShellMozillaThread.a(Lcom/teamdev/jxbrowser/gecko15/xpcom/AppShellMozillaThread;)V+1
j  com.teamdev.jxbrowser.gecko15.xpcom.AppShellMozillaThread$a.run()V+30
j  java.lang.Thread.run()V+11
v  ~StubRoutines::call_stub

---------------  P R O C E S S  ---------------

Java Threads: ( => current thread )
  0x42bda000 JavaThread "com.jniwrapper.NativeResourceCollector" daemon [_thread_blocked, id=6760, stack(0x308a0000,0x30920000)]
=>0x42bdb800 JavaThread "XPCOM" daemon [_thread_in_native, id=4632, stack(0x306f0000,0x30770000)]
  0x42bdb000 JavaThread "Browser Thread" daemon [_thread_blocked, id=5284, stack(0x30670000,0x306f0000)]
  0x23bb2c00 JavaThread "Code Analyzer updating thread" [_thread_blocked, id=7116, stack(0x24de0000,0x24e60000)]
  0x42bdac00 JavaThread "Code Analyzer updating thread" [_thread_blocked, id=2236, stack(0x29fd0000,0x2a050000)]
  0x404dd000 JavaThread "RecordlistTable Timer" daemon [_thread_blocked, id=6268, stack(0x31520000,0x315a0000)]
  0x404ddc00 JavaThread "pool-7-thread-1" [_thread_blocked, id=7236, stack(0x41da0000,0x41e20000)]
  0x404df800 JavaThread "Foxtrot Single Worker Thread #1" daemon [_thread_blocked, id=8148, stack(0x41fa0000,0x42020000)]
  0x23bb2000 JavaThread "Active Reference Queue Daemon" daemon [_thread_blocked, id=1620, stack(0x29f50000,0x29fd0000)]
  0x23bb0000 JavaThread "Timer-1" daemon [_thread_blocked, id=6040, stack(0x29ed0000,0x29f50000)]
  0x23bb0400 JavaThread "Prefs Updater" daemon [_thread_blocked, id=2240, stack(0x0c480000,0x0c500000)]
  0x23bb1000 JavaThread "ClipboardMonitor Timer" daemon [_thread_blocked, id=5120, stack(0x2ad40000,0x2adc0000)]
  0x23bb0c00 JavaThread "Swing-Shell" daemon [_thread_blocked, id=3836, stack(0x25400000,0x25480000)]
  0x23baf400 JavaThread "Explorer NavigationContext request queue" daemon [_thread_blocked, id=2008, stack(0x25200000,0x25280000)]
  0x23bae000 JavaThread "AddressBar directory emptiness poller" daemon [_thread_blocked, id=4372, stack(0x25080000,0x25100000)]
  0x23bad800 JavaThread "Explorer Refresh Service 17489119" daemon [_thread_blocked, id=404, stack(0x25000000,0x25080000)]
  0x23bad400 JavaThread "Thread-4" daemon [_thread_blocked, id=5156, stack(0x24d10000,0x24d90000)]
  0x23bacc00 JavaThread "TimerQueue" daemon [_thread_blocked, id=5268, stack(0x0b140000,0x0b1c0000)]
  0x23bac800 JavaThread "Thread-3" daemon [_thread_blocked, id=2020, stack(0x0ad80000,0x0ae00000)]
  0x23bac000 JavaThread "AWT-EventQueue-0" [_thread_blocked, id=5556, stack(0x0acf0000,0x0ad70000)]
  0x23bab800 JavaThread "AWT-Shutdown" [_thread_blocked, id=5428, stack(0x0ac70000,0x0acf0000)]
  0x23bab400 JavaThread "FelixPackageAdmin" daemon [_thread_blocked, id=2556, stack(0x0af60000,0x0afe0000)]
  0x23a3dc00 JavaThread "FelixStartLevel" daemon [_thread_blocked, id=4312, stack(0x0aee0000,0x0af60000)]
  0x23a74000 JavaThread "FelixDispatchQueue" daemon [_thread_blocked, id=3028, stack(0x0ae60000,0x0aee0000)]
  0x23863800 JavaThread "com.google.common.base.internal.Finalizer" daemon [_thread_blocked, id=4340, stack(0x24a70000,0x24af0000)]
  0x23827800 JavaThread "AWT-Windows" daemon [_thread_in_native, id=5448, stack(0x24970000,0x249f0000)]
  0x237f5400 JavaThread "Java2D Disposer" daemon [_thread_blocked, id=2072, stack(0x24770000,0x247f0000)]
  0x21be8800 JavaThread "Timer-0" [_thread_blocked, id=3248, stack(0x23720000,0x237a0000)]
  0x21b20000 JavaThread "EventMgr Dispatcher" daemon [_thread_in_native, id=5364, stack(0x22f20000,0x23720000)]
  0x21552800 JavaThread "Service Thread" daemon [_thread_blocked, id=5160, stack(0x22550000,0x225d0000)]
  0x2154a400 JavaThread "C1 CompilerThread0" daemon [_thread_blocked, id=5684, stack(0x21d50000,0x22550000)]
  0x21547400 JavaThread "Attach Listener" daemon [_thread_blocked, id=3336, stack(0x21cd0000,0x21d50000)]
  0x0d4f9c00 JavaThread "Finalizer" daemon [_thread_blocked, id=920, stack(0x21450000,0x214d0000)]
  0x0d4f5400 JavaThread "Reference Handler" daemon [_thread_blocked, id=3352, stack(0x0ff70000,0x0fff0000)]
  0x0d461c00 JavaThread "main" [_thread_in_native, id=4736, stack(0x00430000,0x00c30000)]

Other Threads:
  0x0d29f800 VMThread [stack: 0x09c70000,0x0a470000] [id=5836]
  0x21565800 WatcherThread [stack: 0x225d0000,0x22dd0000] [id=1308]

VM state:not at safepoint (normal execution)

VM Mutex/Monitor currently owned by a thread: None

Heap
 def new generation   total 29504K, used 15477K [0x13450000, 0x15450000, 0x15450000)
  eden space 26240K,  46% used [0x13450000, 0x1403d5f0, 0x14df0000)
  from space 3264K, 100% used [0x14df0000, 0x15120000, 0x15120000)
  to   space 3264K,   0% used [0x15120000, 0x15120000, 0x15450000)
 tenured generation   total 98304K, used 82568K [0x15450000, 0x1b450000, 0x1b450000)
   the space 98304K,  83% used [0x15450000, 0x1a4f20c0, 0x1a4f2200, 0x1b450000)
 compacting perm gen  total 43008K, used 42763K [0x1b450000, 0x1de50000, 0x21450000)
   the space 43008K,  99% used [0x1b450000, 0x1de12d58, 0x1de12e00, 0x1de50000)
No shared spaces configured.

Card table byte_map: [0x06db0000,0x06e30000] byte_map_base: 0x06d15d80

Polling page: 0x06ce0000

Code Cache  [0x11450000, 0x12108000, 0x13450000)
 total_blobs=7841 nmethods=7510 adapters=258 free_code_cache=19787Kb largest_free_block=20249024

Compilation events (10 events):
Event: 7334.864 Thread 0x2154a400 7667   !         sun.misc.ProxyGenerator::generateClassFile (649 bytes)
Event: 7334.871 Thread 0x2154a400 nmethod 7667 0x120f50c8 code [0x120f57b0, 0x120f7294]
Event: 7336.309 Thread 0x2154a400 7668             sun.reflect.Reflection::isSubclassOf (21 bytes)
Event: 7336.309 Thread 0x2154a400 nmethod 7668 0x120f99c8 code [0x120f9ad0, 0x120f9b9c]
Event: 7336.310 Thread 0x2154a400 7669             sun.misc.ProxyGenerator$ConstantPool::getNameAndType (30 bytes)
Event: 7336.311 Thread 0x2154a400 nmethod 7669 0x120f9c48 code [0x120f9d80, 0x120f9f7c]
Event: 7336.311 Thread 0x2154a400 7670  s          java.io.ByteArrayOutputStream::write (66 bytes)
Event: 7336.312 Thread 0x2154a400 nmethod 7670 0x120fa148 code [0x120fa270, 0x120fa5b4]
Event: 7336.360 Thread 0x2154a400 7671             sun.misc.ProxyGenerator$ProxyMethod::generateMethod (733 bytes)
Event: 7336.370 Thread 0x2154a400 nmethod 7671 0x120fa748 code [0x120fae10, 0x120fcfac]

GC Heap History (10 events):
Event: 7269.376 GC heap before
{Heap before GC invocations=962 (full 14):
 def new generation   total 29504K, used 27407K [0x13450000, 0x15450000, 0x15450000)
  eden space 26240K, 100% used [0x13450000, 0x14df0000, 0x14df0000)
  from space 3264K,  35% used [0x15120000, 0x15243e68, 0x15450000)
  to   space 3264K,   0% used [0x14df0000, 0x14df0000, 0x15120000)
 tenured generation   total 98304K, used 80605K [0x15450000, 0x1b450000, 0x1b450000)
   the space 98304K,  81% used [0x15450000, 0x1a307600, 0x1a307600, 0x1b450000)
 compacting perm gen  total 41728K, used 41577K [0x1b450000, 0x1dd10000, 0x21450000)
   the space 41728K,  99% used [0x1b450000, 0x1dcea400, 0x1dcea400, 0x1dd10000)
No shared spaces configured.
Event: 7269.380 GC heap after
Heap after GC invocations=963 (full 14):
 def new generation   total 29504K, used 1354K [0x13450000, 0x15450000, 0x15450000)
  eden space 26240K,   0% used [0x13450000, 0x13450000, 0x14df0000)
  from space 3264K,  41% used [0x14df0000, 0x14f42948, 0x15120000)
  to   space 3264K,   0% used [0x15120000, 0x15120000, 0x15450000)
 tenured generation   total 98304K, used 80605K [0x15450000, 0x1b450000, 0x1b450000)
   the space 98304K,  81% used [0x15450000, 0x1a307600, 0x1a307600, 0x1b450000)
 compacting perm gen  total 41728K, used 41577K [0x1b450000, 0x1dd10000, 0x21450000)
   the space 41728K,  99% used [0x1b450000, 0x1dcea400, 0x1dcea400, 0x1dd10000)
No shared spaces configured.
}
Event: 7270.276 GC heap before
{Heap before GC invocations=963 (full 14):
 def new generation   total 29504K, used 27594K [0x13450000, 0x15450000, 0x15450000)
  eden space 26240K, 100% used [0x13450000, 0x14df0000, 0x14df0000)
  from space 3264K,  41% used [0x14df0000, 0x14f42948, 0x15120000)
  to   space 3264K,   0% used [0x15120000, 0x15120000, 0x15450000)
 tenured generation   total 98304K, used 80605K [0x15450000, 0x1b450000, 0x1b450000)
   the space 98304K,  81% used [0x15450000, 0x1a307600, 0x1a307600, 0x1b450000)
 compacting perm gen  total 41728K, used 41577K [0x1b450000, 0x1dd10000, 0x21450000)
   the space 41728K,  99% used [0x1b450000, 0x1dcea400, 0x1dcea400, 0x1dd10000)
No shared spaces configured.
Event: 7270.280 GC heap after
Heap after GC invocations=964 (full 14):
 def new generation   total 29504K, used 1362K [0x13450000, 0x15450000, 0x15450000)
  eden space 26240K,   0% used [0x13450000, 0x13450000, 0x14df0000)
  from space 3264K,  41% used [0x15120000, 0x152748c8, 0x15450000)
  to   space 3264K,   0% used [0x14df0000, 0x14df0000, 0x15120000)
 tenured generation   total 98304K, used 80605K [0x15450000, 0x1b450000, 0x1b450000)
   the space 98304K,  81% used [0x15450000, 0x1a307600, 0x1a307600, 0x1b450000)
 compacting perm gen  total 41728K, used 41577K [0x1b450000, 0x1dd10000, 0x21450000)
   the space 41728K,  99% used [0x1b450000, 0x1dcea400, 0x1dcea400, 0x1dd10000)
No shared spaces configured.
}
Event: 7305.293 GC heap before
{Heap before GC invocations=964 (full 14):
 def new generation   total 29504K, used 27602K [0x13450000, 0x15450000, 0x15450000)
  eden space 26240K, 100% used [0x13450000, 0x14df0000, 0x14df0000)
  from space 3264K,  41% used [0x15120000, 0x152748c8, 0x15450000)
  to   space 3264K,   0% used [0x14df0000, 0x14df0000, 0x15120000)
 tenured generation   total 98304K, used 80605K [0x15450000, 0x1b450000, 0x1b450000)
   the space 98304K,  81% used [0x15450000, 0x1a307600, 0x1a307600, 0x1b450000)
 compacting perm gen  total 41728K, used 41577K [0x1b450000, 0x1dd10000, 0x21450000)
   the space 41728K,  99% used [0x1b450000, 0x1dcea400, 0x1dcea400, 0x1dd10000)
No shared spaces configured.
Event: 7305.306 GC heap after
Heap after GC invocations=965 (full 14):
 def new generation   total 29504K, used 1401K [0x13450000, 0x15450000, 0x15450000)
  eden space 26240K,   0% used [0x13450000, 0x13450000, 0x14df0000)
  from space 3264K,  42% used [0x14df0000, 0x14f4e748, 0x15120000)
  to   space 3264K,   0% used [0x15120000, 0x15120000, 0x15450000)
 tenured generation   total 98304K, used 80605K [0x15450000, 0x1b450000, 0x1b450000)
   the space 98304K,  81% used [0x15450000, 0x1a307600, 0x1a307600, 0x1b450000)
 compacting perm gen  total 41728K, used 41577K [0x1b450000, 0x1dd10000, 0x21450000)
   the space 41728K,  99% used [0x1b450000, 0x1dcea400, 0x1dcea400, 0x1dd10000)
No shared spaces configured.
}
Event: 7317.004 GC heap before
{Heap before GC invocations=965 (full 14):
 def new generation   total 29504K, used 27641K [0x13450000, 0x15450000, 0x15450000)
  eden space 26240K, 100% used [0x13450000, 0x14df0000, 0x14df0000)
  from space 3264K,  42% used [0x14df0000, 0x14f4e748, 0x15120000)
  to   space 3264K,   0% used [0x15120000, 0x15120000, 0x15450000)
 tenured generation   total 98304K, used 80605K [0x15450000, 0x1b450000, 0x1b450000)
   the space 98304K,  81% used [0x15450000, 0x1a307600, 0x1a307600, 0x1b450000)
 compacting perm gen  total 41728K, used 41699K [0x1b450000, 0x1dd10000, 0x21450000)
   the space 41728K,  99% used [0x1b450000, 0x1dd08f10, 0x1dd09000, 0x1dd10000)
No shared spaces configured.
Event: 7317.021 GC heap after
Heap after GC invocations=966 (full 14):
 def new generation   total 29504K, used 2269K [0x13450000, 0x15450000, 0x15450000)
  eden space 26240K,   0% used [0x13450000, 0x13450000, 0x14df0000)
  from space 3264K,  69% used [0x15120000, 0x15357578, 0x15450000)
  to   space 3264K,   0% used [0x14df0000, 0x14df0000, 0x15120000)
 tenured generation   total 98304K, used 80605K [0x15450000, 0x1b450000, 0x1b450000)
   the space 98304K,  81% used [0x15450000, 0x1a307600, 0x1a307600, 0x1b450000)
 compacting perm gen  total 41728K, used 41699K [0x1b450000, 0x1dd10000, 0x21450000)
   the space 41728K,  99% used [0x1b450000, 0x1dd08f10, 0x1dd09000, 0x1dd10000)
No shared spaces configured.
}
Event: 7333.416 GC heap before
{Heap before GC invocations=966 (full 14):
 def new generation   total 29504K, used 28509K [0x13450000, 0x15450000, 0x15450000)
  eden space 26240K, 100% used [0x13450000, 0x14df0000, 0x14df0000)
  from space 3264K,  69% used [0x15120000, 0x15357578, 0x15450000)
  to   space 3264K,   0% used [0x14df0000, 0x14df0000, 0x15120000)
 tenured generation   total 98304K, used 80605K [0x15450000, 0x1b450000, 0x1b450000)
   the space 98304K,  81% used [0x15450000, 0x1a307600, 0x1a307600, 0x1b450000)
 compacting perm gen  total 42240K, used 42214K [0x1b450000, 0x1dd90000, 0x21450000)
   the space 42240K,  99% used [0x1b450000, 0x1dd89948, 0x1dd89a00, 0x1dd90000)
No shared spaces configured.
Event: 7333.443 GC heap after
Heap after GC invocations=967 (full 14):
 def new generation   total 29504K, used 3264K [0x13450000, 0x15450000, 0x15450000)
  eden space 26240K,   0% used [0x13450000, 0x13450000, 0x14df0000)
  from space 3264K, 100% used [0x14df0000, 0x15120000, 0x15120000)
  to   space 3264K,   0% used [0x15120000, 0x15120000, 0x15450000)
 tenured generation   total 98304K, used 82568K [0x15450000, 0x1b450000, 0x1b450000)
   the space 98304K,  83% used [0x15450000, 0x1a4f20c0, 0x1a4f2200, 0x1b450000)
 compacting perm gen  total 42240K, used 42214K [0x1b450000, 0x1dd90000, 0x21450000)
   the space 42240K,  99% used [0x1b450000, 0x1dd89948, 0x1dd89a00, 0x1dd90000)
No shared spaces configured.
}

Deoptimization events (0 events):
No events

Internal exceptions (10 events):
Event: 7334.960 Thread 0x42bdb000 Threw 0x13e39d40 at C:\jdk7u1_32P\jdk7u11\hotspot\src\share\vm\prims\jvm.cpp:1166
Event: 7334.962 Thread 0x42bdb800 Threw 0x13e0fdc8 at C:\jdk7u1_32P\jdk7u11\hotspot\src\share\vm\prims\jvm.cpp:1166
Event: 7334.964 Thread 0x42bdb800 Threw 0x13e82ff0 at C:\jdk7u1_32P\jdk7u11\hotspot\src\share\vm\prims\jvm.cpp:1166
Event: 7334.976 Thread 0x42bdb800 Threw 0x13e967e8 at C:\jdk7u1_32P\jdk7u11\hotspot\src\share\vm\prims\jvm.cpp:1166
Event: 7336.304 Thread 0x42bdb800 Threw 0x13ec5cb8 at C:\jdk7u1_32P\jdk7u11\hotspot\src\share\vm\prims\jvm.cpp:1166
Event: 7336.306 Thread 0x42bdb800 Threw 0x13f0e340 at C:\jdk7u1_32P\jdk7u11\hotspot\src\share\vm\prims\jvm.cpp:1166
Event: 7336.314 Thread 0x42bdb800 Threw 0x13f54c78 at C:\jdk7u1_32P\jdk7u11\hotspot\src\share\vm\prims\jvm.cpp:1166
Event: 7336.315 Thread 0x42bdb800 Threw 0x13f65ba8 at C:\jdk7u1_32P\jdk7u11\hotspot\src\share\vm\prims\jvm.cpp:1166
Event: 7336.318 Thread 0x42bdb800 Threw 0x13f7c7e8 at C:\jdk7u1_32P\jdk7u11\hotspot\src\share\vm\prims\jvm.cpp:1166
Event: 7336.363 Thread 0x42bdb800 Threw 0x13fa0bd8 at C:\jdk7u1_32P\jdk7u11\hotspot\src\share\vm\prims\jvm.cpp:1166

Events (10 events):
Event: 7336.306 loading class 0x40714898 done
Event: 7336.314 loading class 0x47a352d0
Event: 7336.314 loading class 0x47a352d0 done
Event: 7336.315 loading class 0x47a35558
Event: 7336.315 loading class 0x47a35558 done
Event: 7336.318 loading class 0x427eee00
Event: 7336.318 loading class 0x427eee00 done
Event: 7336.363 loading class 0x47a35048
Event: 7336.363 loading class 0x47a35048 done
Event: 7343.142 Thread 0x404de400 Thread exited: 0x404de400


Dynamic libraries:
0x00400000 - 0x00426000 	D:\Program Files\MATLAB\R2013b\bin\win32\MATLAB.exe
0x77280000 - 0x773bc000 	C:\Windows\SYSTEM32\ntdll.dll
0x75c60000 - 0x75d34000 	C:\Windows\system32\kernel32.dll
0x75650000 - 0x7569a000 	C:\Windows\system32\KERNELBASE.dll
0x10000000 - 0x102db000 	D:\Program Files\MATLAB\R2013b\bin\win32\libmwservices.dll
0x7dec0000 - 0x7df65000 	D:\Program Files\MATLAB\R2013b\bin\win32\libmwi18n.dll
0x7deb0000 - 0x7debb000 	D:\Program Files\MATLAB\R2013b\bin\win32\libmwresource_core.dll
0x000d0000 - 0x00139000 	D:\Program Files\MATLAB\R2013b\bin\win32\MSVCP100.dll
0x002e0000 - 0x0039f000 	D:\Program Files\MATLAB\R2013b\bin\win32\MSVCR100.dll
0x72d00000 - 0x72d0c000 	D:\Program Files\MATLAB\R2013b\bin\win32\boost_date_time-vc100-mt-1_49.dll
0x72cd0000 - 0x72cf5000 	D:\Program Files\MATLAB\R2013b\bin\win32\boost_filesystem-vc100-mt-1_49.dll
0x73630000 - 0x73637000 	D:\Program Files\MATLAB\R2013b\bin\win32\boost_system-vc100-mt-1_49.dll
0x770a0000 - 0x77140000 	C:\Windows\system32\ADVAPI32.dll
0x76ff0000 - 0x7709c000 	C:\Windows\system32\msvcrt.dll
0x77400000 - 0x77419000 	C:\Windows\SYSTEM32\sechost.dll
0x75f40000 - 0x75fe1000 	C:\Windows\system32\RPCRT4.dll
0x00140000 - 0x00161000 	D:\Program Files\MATLAB\R2013b\bin\win32\LIBEXPAT.dll
0x7dce0000 - 0x7de29000 	D:\Program Files\MATLAB\R2013b\bin\win32\icuin49.dll
0x7dbd0000 - 0x7dcd7000 	D:\Program Files\MATLAB\R2013b\bin\win32\icuuc49.dll
0x00c30000 - 0x01d52000 	D:\Program Files\MATLAB\R2013b\bin\win32\icudt49.dll
0x7dbc0000 - 0x7dbcd000 	D:\Program Files\MATLAB\R2013b\bin\win32\icuio49.dll
0x01d60000 - 0x01df5000 	D:\Program Files\MATLAB\R2013b\bin\win32\libut.dll
0x7da60000 - 0x7dbb7000 	D:\Program Files\MATLAB\R2013b\bin\win32\libmwfl.dll
0x01e00000 - 0x02145000 	D:\Program Files\MATLAB\R2013b\bin\win32\libmwMATLAB_res.dll
0x02150000 - 0x02204000 	D:\Program Files\MATLAB\R2013b\bin\win32\boost_regex-vc100-mt-1_49.dll
0x76f20000 - 0x76fe9000 	C:\Windows\system32\USER32.dll
0x77460000 - 0x774ae000 	C:\Windows\system32\GDI32.dll
0x773d0000 - 0x773da000 	C:\Windows\system32\LPK.dll
0x75900000 - 0x7599d000 	C:\Windows\system32\USP10.dll
0x72cc0000 - 0x72cce000 	D:\Program Files\MATLAB\R2013b\bin\win32\boost_signals-vc100-mt-1_49.dll
0x001a0000 - 0x001ae000 	D:\Program Files\MATLAB\R2013b\bin\win32\boost_thread-vc100-mt-1_49.dll
0x02210000 - 0x02284000 	D:\Program Files\MATLAB\R2013b\bin\win32\boost_log-vc100-mt-1_49.dll
0x773c0000 - 0x773c5000 	C:\Windows\system32\PSAPI.DLL
0x77420000 - 0x77455000 	C:\Windows\system32\WS2_32.dll
0x773e0000 - 0x773e6000 	C:\Windows\system32\NSI.dll
0x001b0000 - 0x001d8000 	D:\Program Files\MATLAB\R2013b\bin\win32\tbb.dll
0x76e60000 - 0x76e8a000 	C:\Windows\system32\imagehlp.dll
0x74750000 - 0x74775000 	C:\Windows\system32\POWRPROF.dll
0x76cc0000 - 0x76e5d000 	C:\Windows\system32\SETUPAPI.dll
0x756a0000 - 0x756c7000 	C:\Windows\system32\CFGMGR32.dll
0x76e90000 - 0x76f1f000 	C:\Windows\system32\OLEAUT32.dll
0x756d0000 - 0x7582c000 	C:\Windows\system32\ole32.dll
0x75480000 - 0x75492000 	C:\Windows\system32\DEVOBJ.dll
0x7d250000 - 0x7d317000 	D:\Program Files\MATLAB\R2013b\bin\win32\libmx.dll
0x003a0000 - 0x003b8000 	D:\Program Files\MATLAB\R2013b\bin\win32\tbbmalloc.dll
0x003c0000 - 0x003d4000 	D:\Program Files\MATLAB\R2013b\bin\win32\zlib1.dll
0x7d1f0000 - 0x7d22e000 	D:\Program Files\MATLAB\R2013b\bin\win32\libmwregexp.dll
0x7d1b0000 - 0x7d1e8000 	D:\Program Files\MATLAB\R2013b\bin\win32\mpath.dll
0x02290000 - 0x027de000 	D:\Program Files\MATLAB\R2013b\bin\win32\mlutil.dll
0x7cc50000 - 0x7ccb2000 	D:\Program Files\MATLAB\R2013b\bin\win32\xmlcore.dll
0x027e0000 - 0x029a0000 	D:\Program Files\MATLAB\R2013b\bin\win32\xerces-c_2_7.dll
0x7ca70000 - 0x7ca91000 	D:\Program Files\MATLAB\R2013b\bin\win32\libmwMATLAB_settings_res.dll
0x003f0000 - 0x003fd000 	D:\Program Files\MATLAB\R2013b\bin\win32\boost_iostreams-vc100-mt-1_49.dll
0x029a0000 - 0x029de000 	D:\Program Files\MATLAB\R2013b\bin\win32\boost_serialization-vc100-mt-1_49.dll
0x76070000 - 0x76cba000 	C:\Windows\system32\SHELL32.dll
0x759a0000 - 0x759f7000 	C:\Windows\system32\SHLWAPI.dll
0x7ca10000 - 0x7ca15000 	D:\Program Files\MATLAB\R2013b\bin\win32\libmwnativedisplay.dll
0x029e0000 - 0x02a1d000 	D:\Program Files\MATLAB\R2013b\bin\win32\opccore.dll
0x02a20000 - 0x02ace000 	D:\Program Files\MATLAB\R2013b\bin\win32\opcmodel.dll
0x02ad0000 - 0x02af3000 	D:\Program Files\MATLAB\R2013b\bin\win32\opczippackage.dll
0x02b00000 - 0x02b0d000 	D:\Program Files\MATLAB\R2013b\bin\win32\libminizip.dll
0x02b10000 - 0x02b61000 	D:\Program Files\MATLAB\R2013b\bin\win32\opcmwservices.dll
0x70030000 - 0x700b4000 	C:\Windows\WinSxS\x86_microsoft.windows.common-controls_6595b64144ccf1df_5.82.7601.17514_none_ec83dffa859149af\COMCTL32.dll
0x75ff0000 - 0x7606b000 	C:\Windows\system32\COMDLG32.dll
0x73700000 - 0x73711000 	C:\Windows\system32\NETAPI32.dll
0x736f0000 - 0x736f9000 	C:\Windows\system32\netutils.dll
0x75090000 - 0x750a9000 	C:\Windows\system32\srvcli.dll
0x736e0000 - 0x736ef000 	C:\Windows\system32\wkscli.dll
0x7c980000 - 0x7ca0a000 	D:\Program Files\MATLAB\R2013b\bin\win32\mcr.dll
0x02b70000 - 0x02f08000 	D:\Program Files\MATLAB\R2013b\bin\win32\iqm.dll
0x02f10000 - 0x02f9d000 	D:\Program Files\MATLAB\R2013b\bin\win32\m_dispatcher.dll
0x02fa0000 - 0x034e6000 	D:\Program Files\MATLAB\R2013b\bin\win32\m_interpreter.dll
0x7bef0000 - 0x7bf0c000 	D:\Program Files\MATLAB\R2013b\bin\win32\libmex.dll
0x7be90000 - 0x7bef0000 	D:\Program Files\MATLAB\R2013b\bin\win32\profiler.dll
0x7bc20000 - 0x7bd6e000 	D:\Program Files\MATLAB\R2013b\bin\win32\libmwmathutil.dll
0x034f0000 - 0x03511000 	D:\Program Files\MATLAB\R2013b\bin\win32\libmwmathrng.dll
0x7bbf0000 - 0x7bbfe000 	D:\Program Files\MATLAB\R2013b\bin\win32\libmwmfl_rng.dll
0x03520000 - 0x035ef000 	D:\Program Files\MATLAB\R2013b\bin\win32\libmwmathcore.dll
0x7baf0000 - 0x7bb38000 	D:\Program Files\MATLAB\R2013b\bin\win32\libmwspmatrix.dll
0x035f0000 - 0x037a8000 	D:\Program Files\MATLAB\R2013b\bin\win32\mcos.dll
0x7b8b0000 - 0x7b8fa000 	D:\Program Files\MATLAB\R2013b\bin\win32\libmwcholmod.dll
0x7b8a0000 - 0x7b8a9000 	D:\Program Files\MATLAB\R2013b\bin\win32\libmwamd.dll
0x7b890000 - 0x7b899000 	D:\Program Files\MATLAB\R2013b\bin\win32\libmwcolamd.dll
0x7b880000 - 0x7b88b000 	D:\Program Files\MATLAB\R2013b\bin\win32\libmwblas.dll
0x7b860000 - 0x7b871000 	D:\Program Files\MATLAB\R2013b\bin\win32\libmwbinder.dll
0x7b850000 - 0x7b859000 	D:\Program Files\MATLAB\R2013b\bin\win32\libmwompwrapper.dll
0x7b810000 - 0x7b844000 	D:\Program Files\MATLAB\R2013b\bin\win32\libmwlapack.dll
0x7b7f0000 - 0x7b807000 	D:\Program Files\MATLAB\R2013b\bin\win32\m_pcodeio.dll
0x7b7a0000 - 0x7b7e9000 	D:\Program Files\MATLAB\R2013b\bin\win32\m_ir.dll
0x037b0000 - 0x03d4c000 	D:\Program Files\MATLAB\R2013b\bin\win32\m_parser.dll
0x7b1f0000 - 0x7b201000 	D:\Program Files\MATLAB\R2013b\bin\win32\ir_xfmr.dll
0x7b1e0000 - 0x7b1ee000 	D:\Program Files\MATLAB\R2013b\bin\win32\mtok.dll
0x7b1b0000 - 0x7b1d1000 	D:\Program Files\MATLAB\R2013b\bin\win32\m_pcodegen.dll
0x7b180000 - 0x7b1a7000 	D:\Program Files\MATLAB\R2013b\bin\win32\libmwbridge.dll
0x7b0e0000 - 0x7b171000 	D:\Program Files\MATLAB\R2013b\bin\win32\udd.dll
0x7afc0000 - 0x7b0da000 	D:\Program Files\MATLAB\R2013b\bin\win32\libmwgui.dll
0x7afa0000 - 0x7afc0000 	D:\Program Files\MATLAB\R2013b\bin\win32\graphics_util.dll
0x03d50000 - 0x03e02000 	D:\Program Files\MATLAB\R2013b\bin\win32\libtex_base.dll
0x7a790000 - 0x7aef3000 	D:\Program Files\MATLAB\R2013b\bin\win32\hg.dll
0x7a740000 - 0x7a789000 	D:\Program Files\MATLAB\R2013b\bin\win32\libmat.dll
0x03e10000 - 0x03ff9000 	D:\Program Files\MATLAB\R2013b\bin\win32\hdf5dll.dll
0x7a4a0000 - 0x7a547000 	D:\Program Files\MATLAB\R2013b\bin\win32\jmi.dll
0x7a490000 - 0x7a49c000 	D:\Program Files\MATLAB\R2013b\bin\win32\nativejava_services.dll
0x7a450000 - 0x7a484000 	D:\Program Files\MATLAB\R2013b\bin\win32\libmwhardcopy.dll
0x7a400000 - 0x7a448000 	D:\Program Files\MATLAB\R2013b\bin\win32\libuij.dll
0x7a220000 - 0x7a3c4000 	D:\Program Files\MATLAB\R2013b\bin\win32\hgdatatypes.dll
0x04010000 - 0x040ed000 	D:\Program Files\MATLAB\R2013b\bin\win32\hgutils.dll
0x7a0d0000 - 0x7a159000 	D:\Program Files\MATLAB\R2013b\bin\win32\udd_mi.dll
0x7a0a0000 - 0x7a0cd000 	D:\Program Files\MATLAB\R2013b\bin\win32\libmwgbtutils.dll
0x7a090000 - 0x7a0a0000 	D:\Program Files\MATLAB\R2013b\bin\win32\libmwgbt.dll
0x040f0000 - 0x04397000 	D:\Program Files\MATLAB\R2013b\bin\win32\uiw.dll
0x79dd0000 - 0x79dd8000 	D:\Program Files\MATLAB\R2013b\bin\win32\uinone.dll
0x043a0000 - 0x043c3000 	D:\Program Files\MATLAB\R2013b\bin\win32\libmwnativedialogs.dll
0x79da0000 - 0x79da9000 	D:\Program Files\MATLAB\R2013b\bin\win32\libmwplatform_res.dll
0x043e0000 - 0x043f2000 	C:\Windows\system32\MPR.dll
0x04400000 - 0x04838000 	D:\Program Files\MATLAB\R2013b\bin\win32\mfc100.dll
0x715d0000 - 0x715d5000 	C:\Windows\system32\MSIMG32.dll
0x04840000 - 0x04891000 	C:\Windows\system32\WINSPOOL.DRV
0x79d80000 - 0x79d96000 	D:\Program Files\MATLAB\R2013b\bin\win32\mwoles05.DLL
0x79d20000 - 0x79d73000 	D:\Program Files\MATLAB\R2013b\bin\win32\comcli.dll
0x048a0000 - 0x048c6000 	D:\Program Files\MATLAB\R2013b\bin\win32\ATL100.DLL
0x79d10000 - 0x79d1a000 	D:\Program Files\MATLAB\R2013b\bin\win32\mlautoregister.dll
0x048d0000 - 0x04a25000 	D:\Program Files\MATLAB\R2013b\bin\win32\mvm.dll
0x75a00000 - 0x75a1f000 	C:\Windows\system32\IMM32.DLL
0x75830000 - 0x758fc000 	C:\Windows\system32\MSCTF.dll
0x74080000 - 0x740c0000 	C:\Windows\system32\UxTheme.dll
0x73cf0000 - 0x73d03000 	C:\Windows\system32\dwmapi.dll
0x04c50000 - 0x04c59000 	D:\Program Files\MATLAB\R2013b\bin\win32\MFC100CHS.DLL

VM Arguments:
jvm_args: -Xss512k -XX:PermSize=32m -Xms64m -XX:NewRatio=3 -XX:MaxPermSize=96m -Xmx128m -XX:MaxDirectMemorySize=1200000000 -Dsun.java2d.noddraw=true -Dsun.awt.nopixfmt=true -Xshare:off -Xrs -XX:-UseSplitVerifier -Djava.library.path=D:\Program Files\MATLAB\R2013b\bin\win32;D:\Program Files\MATLAB\R2013b\sys\jxbrowser\win32\lib vfprintf abort -Duser.language=zh -Duser.country=CN 
java_command: <unknown>
Launcher Type: generic

Environment Variables:
PATH=C:\Program Files\NVIDIA Corporation\PhysX\Common;C:\Windows\system32;C:\Windows;C:\Windows\System32\Wbem;C:\Windows\System32\WindowsPowerShell\v1.0\;D:\Program Files\MATLAB\R2013b\runtime\win32;D:\Program Files\MATLAB\R2013b\bin;C:\Program Files\Windows Kits\8.1\Windows Performance Toolkit\;C:\Program Files\Microsoft SQL Server\110\Tools\Binn\;C:\Program Files\Microsoft\Web Platform Installer\;C:\Program Files\Microsoft ASP.NET\ASP.NET Web Pages\v1.0\
USERNAME=lankuohsing
OS=Windows_NT
PROCESSOR_IDENTIFIER=x86 Family 6 Model 60 Stepping 3, GenuineIntel



---------------  S Y S T E M  ---------------

OS: Windows 7 Build 7601 Service Pack 1

CPU:total 4 (4 cores per cpu, 1 threads per core) family 6 model 60 stepping 3, cmov, cx8, fxsr, mmx, sse, sse2, sse3, ssse3, sse4.1, sse4.2, popcnt, avx, avx2, tsc, tscinvbit

Memory: 4k page, physical 3633368k(1449408k free), swap 7264980k(4117024k free)

vm_info: Java HotSpot(TM) Client VM (23.6-b04) for windows-x86 JRE (1.7.0_11-b21), built on Jan 12 2013 02:19:22 by "java_re" with unknown MS VC++:1600

time: Mon Dec 05 15:41:24 2016
elapsed time: 7344 seconds

